c:\users\tomst\desktop\examen opdracht programmeren\examenopdracht-programmeren\examenopdracht_tom_stoops\examenopdracht_tom_stoops\debug\examenopdracht_tom_stoops.pch
c:\users\tomst\desktop\examen opdracht programmeren\examenopdracht-programmeren\examenopdracht_tom_stoops\examenopdracht_tom_stoops\debug\vc141.pdb
c:\users\tomst\desktop\examen opdracht programmeren\examenopdracht-programmeren\examenopdracht_tom_stoops\examenopdracht_tom_stoops\debug\vc141.idb
c:\users\tomst\desktop\examen opdracht programmeren\examenopdracht-programmeren\examenopdracht_tom_stoops\examenopdracht_tom_stoops\debug\pch.obj
c:\users\tomst\desktop\examen opdracht programmeren\examenopdracht-programmeren\examenopdracht_tom_stoops\examenopdracht_tom_stoops\debug\vortex_tom_stoops.obj
c:\users\tomst\desktop\examen opdracht programmeren\examenopdracht-programmeren\examenopdracht_tom_stoops\examenopdracht_tom_stoops\debug\uniform_tom_stoops.obj
c:\users\tomst\desktop\examen opdracht programmeren\examenopdracht-programmeren\examenopdracht_tom_stoops\examenopdracht_tom_stoops\debug\source_tom_stoops.obj
c:\users\tomst\desktop\examen opdracht programmeren\examenopdracht-programmeren\examenopdracht_tom_stoops\examenopdracht_tom_stoops\debug\examenopdracht_tom_stoops.obj
c:\users\tomst\desktop\examen opdracht programmeren\examenopdracht-programmeren\examenopdracht_tom_stoops\examenopdracht_tom_stoops\debug\doublet_tom_stoops.obj
c:\users\tomst\desktop\examen opdracht programmeren\examenopdracht-programmeren\examenopdracht_tom_stoops\examenopdracht_tom_stoops\debug\vortexsheet_tom_stoops.obj
c:\users\tomst\desktop\examen opdracht programmeren\examenopdracht-programmeren\examenopdracht_tom_stoops\examenopdracht_tom_stoops\debug\grid_tom_stoops.obj
c:\users\tomst\desktop\examen opdracht programmeren\examenopdracht-programmeren\examenopdracht_tom_stoops\examenopdracht_tom_stoops\debug\baseflow_tom_stoops.obj
c:\users\tomst\desktop\examen opdracht programmeren\examenopdracht-programmeren\examenopdracht_tom_stoops\examenopdracht_tom_stoops\debug\opdrachten_tom_stoops.obj
c:\users\tomst\desktop\examen opdracht programmeren\examenopdracht-programmeren\examenopdracht_tom_stoops\debug\examenopdracht_tom_stoops.pdb
c:\users\tomst\desktop\examen opdracht programmeren\examenopdracht-programmeren\examenopdracht_tom_stoops\examenopdracht_tom_stoops\debug\examenop.002a91de.tlog\cl.command.1.tlog
c:\users\tomst\desktop\examen opdracht programmeren\examenopdracht-programmeren\examenopdracht_tom_stoops\examenopdracht_tom_stoops\debug\examenop.002a91de.tlog\cl.read.1.tlog
c:\users\tomst\desktop\examen opdracht programmeren\examenopdracht-programmeren\examenopdracht_tom_stoops\examenopdracht_tom_stoops\debug\examenop.002a91de.tlog\cl.write.1.tlog
c:\users\tomst\desktop\examen opdracht programmeren\examenopdracht-programmeren\examenopdracht_tom_stoops\examenopdracht_tom_stoops\debug\examenop.002a91de.tlog\link-cvtres.read.1.tlog
c:\users\tomst\desktop\examen opdracht programmeren\examenopdracht-programmeren\examenopdracht_tom_stoops\examenopdracht_tom_stoops\debug\examenop.002a91de.tlog\link-cvtres.write.1.tlog
c:\users\tomst\desktop\examen opdracht programmeren\examenopdracht-programmeren\examenopdracht_tom_stoops\examenopdracht_tom_stoops\debug\examenop.002a91de.tlog\link-rc.read.1.tlog
c:\users\tomst\desktop\examen opdracht programmeren\examenopdracht-programmeren\examenopdracht_tom_stoops\examenopdracht_tom_stoops\debug\examenop.002a91de.tlog\link-rc.write.1.tlog
c:\users\tomst\desktop\examen opdracht programmeren\examenopdracht-programmeren\examenopdracht_tom_stoops\examenopdracht_tom_stoops\debug\examenop.002a91de.tlog\link.11176-cvtres.read.1.tlog
c:\users\tomst\desktop\examen opdracht programmeren\examenopdracht-programmeren\examenopdracht_tom_stoops\examenopdracht_tom_stoops\debug\examenop.002a91de.tlog\link.11176-cvtres.write.1.tlog
c:\users\tomst\desktop\examen opdracht programmeren\examenopdracht-programmeren\examenopdracht_tom_stoops\examenopdracht_tom_stoops\debug\examenop.002a91de.tlog\link.11176-rc.read.1.tlog
c:\users\tomst\desktop\examen opdracht programmeren\examenopdracht-programmeren\examenopdracht_tom_stoops\examenopdracht_tom_stoops\debug\examenop.002a91de.tlog\link.11176-rc.write.1.tlog
c:\users\tomst\desktop\examen opdracht programmeren\examenopdracht-programmeren\examenopdracht_tom_stoops\examenopdracht_tom_stoops\debug\examenop.002a91de.tlog\link.11176.read.1.tlog
c:\users\tomst\desktop\examen opdracht programmeren\examenopdracht-programmeren\examenopdracht_tom_stoops\examenopdracht_tom_stoops\debug\examenop.002a91de.tlog\link.11176.write.1.tlog
c:\users\tomst\desktop\examen opdracht programmeren\examenopdracht-programmeren\examenopdracht_tom_stoops\examenopdracht_tom_stoops\debug\examenop.002a91de.tlog\link.command.1.tlog
c:\users\tomst\desktop\examen opdracht programmeren\examenopdracht-programmeren\examenopdracht_tom_stoops\examenopdracht_tom_stoops\debug\examenop.002a91de.tlog\link.read.1.tlog
c:\users\tomst\desktop\examen opdracht programmeren\examenopdracht-programmeren\examenopdracht_tom_stoops\examenopdracht_tom_stoops\debug\examenop.002a91de.tlog\link.write.1.tlog
