This is pdfTeX, Version 3.14159265-2.6-1.40.19 (TeX Live 2018/W32TeX) (preloaded format=pdflatex 2018.8.23)  19 MAY 2019 14:41
entering extended mode
 restricted \write18 enabled.
 file:line:error style messages enabled.
 %&-line parsing enabled.
**"Examen Programmeren Verwerking.tex"
(./Examen Programmeren Verwerking.tex
LaTeX2e <2018-04-01> patch level 5
(c:/texlive/2018/texmf-dist/tex/latex/base/article.cls
Document Class: article 2014/09/29 v1.4h Standard LaTeX document class
(c:/texlive/2018/texmf-dist/tex/latex/base/size12.clo
File: size12.clo 2014/09/29 v1.4h Standard LaTeX file (size option)
)
\c@part=\count80
\c@section=\count81
\c@subsection=\count82
\c@subsubsection=\count83
\c@paragraph=\count84
\c@subparagraph=\count85
\c@figure=\count86
\c@table=\count87
\abovecaptionskip=\skip41
\belowcaptionskip=\skip42
\bibindent=\dimen102
) (c:/texlive/2018/texmf-dist/tex/latex/lipsum/lipsum.sty
Package: lipsum 2014/07/27 v1.3 150 paragraphs of Lorem Ipsum dummy text
\c@lips@count=\count88
) (c:/texlive/2018/texmf-dist/tex/latex/amsfonts/amssymb.sty
Package: amssymb 2013/01/14 v3.01 AMS font symbols
 (c:/texlive/2018/texmf-dist/tex/latex/amsfonts/amsfonts.sty
Package: amsfonts 2013/01/14 v3.01 Basic AMSFonts support
\@emptytoks=\toks14
\symAMSa=\mathgroup4
\symAMSb=\mathgroup5
LaTeX Font Info:    Overwriting math alphabet `\mathfrak' in version `bold'
(Font)                  U/euf/m/n --> U/euf/b/n on input line 106.
)) (c:/texlive/2018/texmf-dist/tex/latex/amsmath/amsmath.sty
Package: amsmath 2017/09/02 v2.17a AMS math features
\@mathmargin=\skip43

For additional information on amsmath, use the `?' option.
(c:/texlive/2018/texmf-dist/tex/latex/amsmath/amstext.sty
Package: amstext 2000/06/29 v2.01 AMS text
 (c:/texlive/2018/texmf-dist/tex/latex/amsmath/amsgen.sty
File: amsgen.sty 1999/11/30 v2.0 generic functions
\@emptytoks=\toks15
\ex@=\dimen103
)) (c:/texlive/2018/texmf-dist/tex/latex/amsmath/amsbsy.sty
Package: amsbsy 1999/11/29 v1.2d Bold Symbols
\pmbraise@=\dimen104
) (c:/texlive/2018/texmf-dist/tex/latex/amsmath/amsopn.sty
Package: amsopn 2016/03/08 v2.02 operator names
)
\inf@bad=\count89
LaTeX Info: Redefining \frac on input line 213.
\uproot@=\count90
\leftroot@=\count91
LaTeX Info: Redefining \overline on input line 375.
\classnum@=\count92
\DOTSCASE@=\count93
LaTeX Info: Redefining \ldots on input line 472.
LaTeX Info: Redefining \dots on input line 475.
LaTeX Info: Redefining \cdots on input line 596.
\Mathstrutbox@=\box26
\strutbox@=\box27
\big@size=\dimen105
LaTeX Font Info:    Redeclaring font encoding OML on input line 712.
LaTeX Font Info:    Redeclaring font encoding OMS on input line 713.
\macc@depth=\count94
\c@MaxMatrixCols=\count95
\dotsspace@=\muskip10
\c@parentequation=\count96
\dspbrk@lvl=\count97
\tag@help=\toks16
\row@=\count98
\column@=\count99
\maxfields@=\count100
\andhelp@=\toks17
\eqnshift@=\dimen106
\alignsep@=\dimen107
\tagshift@=\dimen108
\tagwidth@=\dimen109
\totwidth@=\dimen110
\lineht@=\dimen111
\@envbody=\toks18
\multlinegap=\skip44
\multlinetaggap=\skip45
\mathdisplay@stack=\toks19
LaTeX Info: Redefining \[ on input line 2817.
LaTeX Info: Redefining \] on input line 2818.
) (c:/texlive/2018/texmf-dist/tex/latex/graphics/graphicx.sty
Package: graphicx 2017/06/01 v1.1a Enhanced LaTeX Graphics (DPC,SPQR)
 (c:/texlive/2018/texmf-dist/tex/latex/graphics/keyval.sty
Package: keyval 2014/10/28 v1.15 key=value parser (DPC)
\KV@toks@=\toks20
) (c:/texlive/2018/texmf-dist/tex/latex/graphics/graphics.sty
Package: graphics 2017/06/25 v1.2c Standard LaTeX Graphics (DPC,SPQR)
 (c:/texlive/2018/texmf-dist/tex/latex/graphics/trig.sty
Package: trig 2016/01/03 v1.10 sin cos tan (DPC)
) (c:/texlive/2018/texmf-dist/tex/latex/graphics-cfg/graphics.cfg
File: graphics.cfg 2016/06/04 v1.11 sample graphics configuration
)
Package graphics Info: Driver file: pdftex.def on input line 99.
 (c:/texlive/2018/texmf-dist/tex/latex/graphics-def/pdftex.def
File: pdftex.def 2018/01/08 v1.0l Graphics/color driver for pdftex
))
\Gin@req@height=\dimen112
\Gin@req@width=\dimen113
) (c:/texlive/2018/texmf-dist/tex/latex/placeins/placeins.sty
Package: placeins 2005/04/18  v 2.2
) (c:/texlive/2018/texmf-dist/tex/latex/a4wide/a4wide.sty
Package: a4wide 1994/08/30
 (c:/texlive/2018/texmf-dist/tex/latex/ntgclass/a4.sty
Package: a4 2004/04/15 v1.2g A4 based page layout
)) (c:/texlive/2018/texmf-dist/tex/generic/babel/babel.sty
Package: babel 2018/06/05 3.22 The Babel package
 (c:/texlive/2018/texmf-dist/tex/generic/babel/switch.def
File: switch.def 2018/06/05 3.22 Babel switching mechanism
) (c:/texlive/2018/texmf-dist/tex/generic/babel-dutch/dutch.ldf
Language: dutch 2005/03/30 v3.8i Dutch support from the babel system

(c:/texlive/2018/texmf-dist/tex/generic/babel/babel.def
File: babel.def 2018/06/05 3.22 Babel common definitions
\babel@savecnt=\count101
\U@D=\dimen114
 (c:/texlive/2018/texmf-dist/tex/generic/babel/txtbabel.def)
\bbl@dirlevel=\count102
)
Package babel Info: Making " an active character on input line 132.
)) (c:/texlive/2018/texmf-dist/tex/latex/tools/multicol.sty
Package: multicol 2018/04/20 v1.8s multicolumn formatting (FMi)
\c@tracingmulticols=\count103
\mult@box=\box28
\multicol@leftmargin=\dimen115
\c@unbalance=\count104
\c@collectmore=\count105
\doublecol@number=\count106
\multicoltolerance=\count107
\multicolpretolerance=\count108
\full@width=\dimen116
\page@free=\dimen117
\premulticols=\dimen118
\postmulticols=\dimen119
\multicolsep=\skip46
\multicolbaselineskip=\skip47
\partial@page=\box29
\last@line=\box30
\maxbalancingoverflow=\dimen120
\mult@rightbox=\box31
\mult@grightbox=\box32
\mult@gfirstbox=\box33
\mult@firstbox=\box34
\@tempa=\box35
\@tempa=\box36
\@tempa=\box37
\@tempa=\box38
\@tempa=\box39
\@tempa=\box40
\@tempa=\box41
\@tempa=\box42
\@tempa=\box43
\@tempa=\box44
\@tempa=\box45
\@tempa=\box46
\@tempa=\box47
\@tempa=\box48
\@tempa=\box49
\@tempa=\box50
\@tempa=\box51
\c@columnbadness=\count109
\c@finalcolumnbadness=\count110
\last@try=\dimen121
\multicolovershoot=\dimen122
\multicolundershoot=\dimen123
\mult@nat@firstbox=\box52
\colbreak@box=\box53
\mc@col@check@num=\count111
) (c:/texlive/2018/texmf-dist/tex/latex/cancel/cancel.sty
Package: cancel 2013/04/12 v2.2 Cancel math terms
) (c:/texlive/2018/texmf-dist/tex/latex/tools/enumerate.sty
Package: enumerate 2015/07/23 v3.00 enumerate extensions (DPC)
\@enLab=\toks21
) (c:/texlive/2018/texmf-dist/tex/latex/oberdiek/epstopdf.sty
Package: epstopdf 2016/05/15 v2.6 Conversion with epstopdf on the fly (HO)
 (c:/texlive/2018/texmf-dist/tex/latex/oberdiek/epstopdf-base.sty
Package: epstopdf-base 2016/05/15 v2.6 Base part for package epstopdf
 (c:/texlive/2018/texmf-dist/tex/generic/oberdiek/infwarerr.sty
Package: infwarerr 2016/05/16 v1.4 Providing info/warning/error messages (HO)
) (c:/texlive/2018/texmf-dist/tex/latex/oberdiek/grfext.sty
Package: grfext 2016/05/16 v1.2 Manage graphics extensions (HO)
 (c:/texlive/2018/texmf-dist/tex/generic/oberdiek/kvdefinekeys.sty
Package: kvdefinekeys 2016/05/16 v1.4 Define keys (HO)
 (c:/texlive/2018/texmf-dist/tex/generic/oberdiek/ltxcmds.sty
Package: ltxcmds 2016/05/16 v1.23 LaTeX kernel commands for general use (HO)
))) (c:/texlive/2018/texmf-dist/tex/latex/oberdiek/kvoptions.sty
Package: kvoptions 2016/05/16 v3.12 Key value format for package options (HO)
 (c:/texlive/2018/texmf-dist/tex/generic/oberdiek/kvsetkeys.sty
Package: kvsetkeys 2016/05/16 v1.17 Key value parser (HO)
 (c:/texlive/2018/texmf-dist/tex/generic/oberdiek/etexcmds.sty
Package: etexcmds 2016/05/16 v1.6 Avoid name clashes with e-TeX commands (HO)
 (c:/texlive/2018/texmf-dist/tex/generic/oberdiek/ifluatex.sty
Package: ifluatex 2016/05/16 v1.4 Provides the ifluatex switch (HO)
Package ifluatex Info: LuaTeX not detected.
)
Package etexcmds Info: Could not find \expanded.
(etexcmds)             That can mean that you are not using pdfTeX 1.50 or
(etexcmds)             that some package has redefined \expanded.
(etexcmds)             In the latter case, load this package earlier.
))) (c:/texlive/2018/texmf-dist/tex/generic/oberdiek/pdftexcmds.sty
Package: pdftexcmds 2018/01/30 v0.27 Utility functions of pdfTeX for LuaTeX (HO)

(c:/texlive/2018/texmf-dist/tex/generic/oberdiek/ifpdf.sty
Package: ifpdf 2017/03/15 v3.2 Provides the ifpdf switch
)
Package pdftexcmds Info: LuaTeX not detected.
Package pdftexcmds Info: \pdf@primitive is available.
Package pdftexcmds Info: \pdf@ifprimitive is available.
Package pdftexcmds Info: \pdfdraftmode found.
)
Package epstopdf-base Info: Redefining graphics rule for `.eps' on input line 438.
Package grfext Info: Graphics extension search list:
(grfext)             [.pdf,.png,.jpg,.mps,.jpeg,.jbig2,.jb2,.PDF,.PNG,.JPG,.JPEG,.JBIG2,.JB2,.eps]
(grfext)             \AppendGraphicsExtensions on input line 456.
 (c:/texlive/2018/texmf-dist/tex/latex/latexconfig/epstopdf-sys.cfg
File: epstopdf-sys.cfg 2010/07/13 v1.3 Configuration of (r)epstopdf for TeX Live
))) (c:/texlive/2018/texmf-dist/tex/latex/graphics/lscape.sty
Package: lscape 2000/10/22 v3.01 Landscape Pages (DPC)
) (c:/texlive/2018/texmf-dist/tex/latex/caption/caption.sty
Package: caption 2018/05/01 v3.3-147 Customizing captions (AR)
 (c:/texlive/2018/texmf-dist/tex/latex/caption/caption3.sty
Package: caption3 2018/05/27 v1.8a caption3 kernel (AR)
Package caption3 Info: TeX engine: e-TeX on input line 64.
\captionmargin=\dimen124
\captionmargin@=\dimen125
\captionwidth=\dimen126
\caption@tempdima=\dimen127
\caption@indent=\dimen128
\caption@parindent=\dimen129
\caption@hangindent=\dimen130
)
\c@ContinuedFloat=\count112
) (c:/texlive/2018/texmf-dist/tex/latex/hyperref/hyperref.sty
Package: hyperref 2018/02/06 v6.86b Hypertext links for LaTeX
 (c:/texlive/2018/texmf-dist/tex/generic/oberdiek/hobsub-hyperref.sty
Package: hobsub-hyperref 2016/05/16 v1.14 Bundle oberdiek, subset hyperref (HO)
 (c:/texlive/2018/texmf-dist/tex/generic/oberdiek/hobsub-generic.sty
Package: hobsub-generic 2016/05/16 v1.14 Bundle oberdiek, subset generic (HO)
Package: hobsub 2016/05/16 v1.14 Construct package bundles (HO)
Package hobsub Info: Skipping package `infwarerr' (already loaded).
Package hobsub Info: Skipping package `ltxcmds' (already loaded).
Package hobsub Info: Skipping package `ifluatex' (already loaded).
Package: ifvtex 2016/05/16 v1.6 Detect VTeX and its facilities (HO)
Package ifvtex Info: VTeX not detected.
Package: intcalc 2016/05/16 v1.2 Expandable calculations with integers (HO)
Package hobsub Info: Skipping package `ifpdf' (already loaded).
Package hobsub Info: Skipping package `etexcmds' (already loaded).
Package hobsub Info: Skipping package `kvsetkeys' (already loaded).
Package hobsub Info: Skipping package `kvdefinekeys' (already loaded).
Package hobsub Info: Skipping package `pdftexcmds' (already loaded).
Package: pdfescape 2016/05/16 v1.14 Implements pdfTeX's escape features (HO)
Package: bigintcalc 2016/05/16 v1.4 Expandable calculations on big integers (HO)
Package: bitset 2016/05/16 v1.2 Handle bit-vector datatype (HO)
Package: uniquecounter 2016/05/16 v1.3 Provide unlimited unique counter (HO)
)
Package hobsub Info: Skipping package `hobsub' (already loaded).
Package: letltxmacro 2016/05/16 v1.5 Let assignment for LaTeX macros (HO)
Package: hopatch 2016/05/16 v1.3 Wrapper for package hooks (HO)
Package: xcolor-patch 2016/05/16 xcolor patch
Package: atveryend 2016/05/16 v1.9 Hooks at the very end of document (HO)
Package atveryend Info: \enddocument detected (standard20110627).
Package: atbegshi 2016/06/09 v1.18 At begin shipout hook (HO)
Package: refcount 2016/05/16 v3.5 Data extraction from label references (HO)
Package: hycolor 2016/05/16 v1.8 Color options for hyperref/bookmark (HO)
) (c:/texlive/2018/texmf-dist/tex/generic/ifxetex/ifxetex.sty
Package: ifxetex 2010/09/12 v0.6 Provides ifxetex conditional
) (c:/texlive/2018/texmf-dist/tex/latex/oberdiek/auxhook.sty
Package: auxhook 2016/05/16 v1.4 Hooks for auxiliary files (HO)
)
\@linkdim=\dimen131
\Hy@linkcounter=\count113
\Hy@pagecounter=\count114
 (c:/texlive/2018/texmf-dist/tex/latex/hyperref/pd1enc.def
File: pd1enc.def 2018/02/06 v6.86b Hyperref: PDFDocEncoding definition (HO)
Now handling font encoding PD1 ...
... no UTF-8 mapping file for font encoding PD1
)
\Hy@SavedSpaceFactor=\count115
 (c:/texlive/2018/texmf-dist/tex/latex/latexconfig/hyperref.cfg
File: hyperref.cfg 2002/06/06 v1.2 hyperref configuration of TeXLive
)
Package hyperref Info: Hyper figures OFF on input line 4509.
Package hyperref Info: Link nesting OFF on input line 4514.
Package hyperref Info: Hyper index ON on input line 4517.
Package hyperref Info: Plain pages OFF on input line 4524.
Package hyperref Info: Backreferencing OFF on input line 4529.
Package hyperref Info: Implicit mode ON; LaTeX internals redefined.
Package hyperref Info: Bookmarks ON on input line 4762.
\c@Hy@tempcnt=\count116
 (c:/texlive/2018/texmf-dist/tex/latex/url/url.sty
\Urlmuskip=\muskip11
Package: url 2013/09/16  ver 3.4  Verb mode for urls, etc.
)
LaTeX Info: Redefining \url on input line 5115.
\XeTeXLinkMargin=\dimen132
\Fld@menulength=\count117
\Field@Width=\dimen133
\Fld@charsize=\dimen134
Package hyperref Info: Hyper figures OFF on input line 6369.
Package hyperref Info: Link nesting OFF on input line 6374.
Package hyperref Info: Hyper index ON on input line 6377.
Package hyperref Info: backreferencing OFF on input line 6384.
Package hyperref Info: Link coloring OFF on input line 6389.
Package hyperref Info: Link coloring with OCG OFF on input line 6394.
Package hyperref Info: PDF/A mode OFF on input line 6399.
LaTeX Info: Redefining \ref on input line 6439.
LaTeX Info: Redefining \pageref on input line 6443.
\Hy@abspage=\count118
\c@Item=\count119
\c@Hfootnote=\count120
)
Package hyperref Info: Driver (autodetected): hpdftex.
 (c:/texlive/2018/texmf-dist/tex/latex/hyperref/hpdftex.def
File: hpdftex.def 2018/02/06 v6.86b Hyperref driver for pdfTeX
\Fld@listcount=\count121
\c@bookmark@seq@number=\count122
 (c:/texlive/2018/texmf-dist/tex/latex/oberdiek/rerunfilecheck.sty
Package: rerunfilecheck 2016/05/16 v1.8 Rerun checks for auxiliary files (HO)
Package uniquecounter Info: New unique counter `rerunfilecheck' on input line 282.
)
\Hy@SectionHShift=\skip48
) (c:/texlive/2018/texmf-dist/tex/latex/base/inputenc.sty
Package: inputenc 2018/04/06 v1.3b Input encoding file
\inpenc@prehook=\toks22
\inpenc@posthook=\toks23
)
(c:/texlive/2018/texmf-dist/tex/latex/base/fontenc.sty
Package: fontenc 2017/04/05 v2.0i Standard LaTeX package
 (c:/texlive/2018/texmf-dist/tex/latex/base/t1enc.def
File: t1enc.def 2017/04/05 v2.0i Standard LaTeX file
LaTeX Font Info:    Redeclaring font encoding T1 on input line 48.
)) (./Examen Programmeren Verwerking.aux)
\openout1 = `"Examen Programmeren Verwerking.aux"'.

LaTeX Font Info:    Checking defaults for OML/cmm/m/it on input line 47.
LaTeX Font Info:    ... okay on input line 47.
LaTeX Font Info:    Checking defaults for T1/cmr/m/n on input line 47.
LaTeX Font Info:    ... okay on input line 47.
LaTeX Font Info:    Checking defaults for OT1/cmr/m/n on input line 47.
LaTeX Font Info:    ... okay on input line 47.
LaTeX Font Info:    Checking defaults for OMS/cmsy/m/n on input line 47.
LaTeX Font Info:    ... okay on input line 47.
LaTeX Font Info:    Checking defaults for OMX/cmex/m/n on input line 47.
LaTeX Font Info:    ... okay on input line 47.
LaTeX Font Info:    Checking defaults for U/cmr/m/n on input line 47.
LaTeX Font Info:    ... okay on input line 47.
LaTeX Font Info:    Checking defaults for PD1/pdf/m/n on input line 47.
LaTeX Font Info:    ... okay on input line 47.
 (c:/texlive/2018/texmf-dist/tex/context/base/mkii/supp-pdf.mkii
[Loading MPS to PDF converter (version 2006.09.02).]
\scratchcounter=\count123
\scratchdimen=\dimen135
\scratchbox=\box54
\nofMPsegments=\count124
\nofMParguments=\count125
\everyMPshowfont=\toks24
\MPscratchCnt=\count126
\MPscratchDim=\dimen136
\MPnumerator=\count127
\makeMPintoPDFobject=\count128
\everyMPtoPDFconversion=\toks25
)
Package caption Info: Begin \AtBeginDocument code.
Package caption Info: hyperref package is loaded.
Package caption Info: End \AtBeginDocument code.
\AtBeginShipoutBox=\box55
Package hyperref Info: Link coloring OFF on input line 47.
 (c:/texlive/2018/texmf-dist/tex/latex/hyperref/nameref.sty
Package: nameref 2016/05/21 v2.44 Cross-referencing by name of section
 (c:/texlive/2018/texmf-dist/tex/generic/oberdiek/gettitlestring.sty
Package: gettitlestring 2016/05/16 v1.5 Cleanup title references (HO)
)
\c@section@level=\count129
)
LaTeX Info: Redefining \ref on input line 47.
LaTeX Info: Redefining \pageref on input line 47.
LaTeX Info: Redefining \nameref on input line 47.
 (./Examen Programmeren Verwerking.out) (./Examen Programmeren Verwerking.out)
\@outlinefile=\write3
\openout3 = `"Examen Programmeren Verwerking.out"'.

LaTeX Font Info:    Try loading font information for U+msa on input line 50.
 (c:/texlive/2018/texmf-dist/tex/latex/amsfonts/umsa.fd
File: umsa.fd 2013/01/14 v3.01 AMS symbols A
)
LaTeX Font Info:    Try loading font information for U+msb on input line 50.
 (c:/texlive/2018/texmf-dist/tex/latex/amsfonts/umsb.fd
File: umsb.fd 2013/01/14 v3.01 AMS symbols B
) (./Examen Programmeren Verwerking.toc)
\tf@toc=\write4
\openout4 = `"Examen Programmeren Verwerking.toc"'.

Package babel Info: Redefining dutch shorthand "|
(babel)             in language  on input line 52.
Package babel Info: Redefining dutch shorthand "~
(babel)             in language  on input line 52.
Package babel Info: Redefining dutch shorthand "|
(babel)             in language  on input line 52.
Package babel Info: Redefining dutch shorthand "~
(babel)             in language  on input line 52.
 [1

{c:/texlive/2018/texmf-var/fonts/map/pdftex/updmap/pdftex.map}]
Package babel Info: Redefining dutch shorthand "|
(babel)             in language  on input line 53.
Package babel Info: Redefining dutch shorthand "~
(babel)             in language  on input line 53.
Package babel Info: Redefining dutch shorthand "|
(babel)             in language  on input line 57.
Package babel Info: Redefining dutch shorthand "~
(babel)             in language  on input line 57.
Package babel Info: Redefining dutch shorthand "|
(babel)             in language  on input line 57.
Package babel Info: Redefining dutch shorthand "~
(babel)             in language  on input line 57.
 [2]
Package babel Info: Redefining dutch shorthand "|
(babel)             in language  on input line 58.
Package babel Info: Redefining dutch shorthand "~
(babel)             in language  on input line 58.
Package babel Info: Redefining dutch shorthand "|
(babel)             in language  on input line 59.
Package babel Info: Redefining dutch shorthand "~
(babel)             in language  on input line 59.

Underfull \hbox (badness 10000) in paragraph at lines 67--69

 []


Underfull \hbox (badness 10000) in paragraph at lines 70--72

 []


Underfull \hbox (badness 10000) in paragraph at lines 80--82

 []

LaTeX Font Info:    Try loading font information for T1+cmtt on input line 83.
(c:/texlive/2018/texmf-dist/tex/latex/base/t1cmtt.fd
File: t1cmtt.fd 2014/09/29 v2.5h Standard LaTeX font definitions
)
Package epstopdf Info: Source file: <plots/probleem1_1.eps>
(epstopdf)                    date: 2019-05-17 15:30:03
(epstopdf)                    size: 1652101 bytes
(epstopdf)             Output file: <plots/probleem1_1-eps-converted-to.pdf>
(epstopdf)                    date: 2019-05-17 15:32:56
(epstopdf)                    size: 585433 bytes
(epstopdf)             Command: <repstopdf --outfile=plots/probleem1_1-eps-converted-to.pdf plots/probleem1_1.eps>
(epstopdf)             \includegraphics on input line 88.
Package epstopdf Info: Output file is already uptodate.
<plots/probleem1_1-eps-converted-to.pdf, id=71, 567.11874pt x 316.18124pt>
File: plots/probleem1_1-eps-converted-to.pdf Graphic file (type pdf)
<use plots/probleem1_1-eps-converted-to.pdf>
Package pdftex.def Info: plots/probleem1_1-eps-converted-to.pdf  used on input line 88.
(pdftex.def)             Requested size: 460.72124pt x 256.8725pt.
Package epstopdf Info: Source file: <plots/probleem1_2.eps>
(epstopdf)                    date: 2019-05-17 15:30:17
(epstopdf)                    size: 222568 bytes
(epstopdf)             Output file: <plots/probleem1_2-eps-converted-to.pdf>
(epstopdf)                    date: 2019-05-17 15:45:46
(epstopdf)                    size: 43852 bytes
(epstopdf)             Command: <repstopdf --outfile=plots/probleem1_2-eps-converted-to.pdf plots/probleem1_2.eps>
(epstopdf)             \includegraphics on input line 94.
Package epstopdf Info: Output file is already uptodate.
<plots/probleem1_2-eps-converted-to.pdf, id=72, 565.11125pt x 316.18124pt>
File: plots/probleem1_2-eps-converted-to.pdf Graphic file (type pdf)
<use plots/probleem1_2-eps-converted-to.pdf>
Package pdftex.def Info: plots/probleem1_2-eps-converted-to.pdf  used on input line 94.
(pdftex.def)             Requested size: 460.72124pt x 257.77951pt.
Package epstopdf Info: Source file: <plots/probleem1_3.eps>
(epstopdf)                    date: 2019-05-17 15:30:34
(epstopdf)                    size: 901468 bytes
(epstopdf)             Output file: <plots/probleem1_3-eps-converted-to.pdf>
(epstopdf)                    date: 2019-05-17 15:45:48
(epstopdf)                    size: 278572 bytes
(epstopdf)             Command: <repstopdf --outfile=plots/probleem1_3-eps-converted-to.pdf plots/probleem1_3.eps>
(epstopdf)             \includegraphics on input line 100.
Package epstopdf Info: Output file is already uptodate.
<plots/probleem1_3-eps-converted-to.pdf, id=73, 565.11125pt x 316.18124pt>
File: plots/probleem1_3-eps-converted-to.pdf Graphic file (type pdf)
<use plots/probleem1_3-eps-converted-to.pdf>
Package pdftex.def Info: plots/probleem1_3-eps-converted-to.pdf  used on input line 100.
(pdftex.def)             Requested size: 460.72124pt x 257.77951pt.
Package epstopdf Info: Source file: <plots/probleem1_4.eps>
(epstopdf)                    date: 2019-05-17 15:30:52
(epstopdf)                    size: 1765469 bytes
(epstopdf)             Output file: <plots/probleem1_4-eps-converted-to.pdf>
(epstopdf)                    date: 2019-05-17 15:45:50
(epstopdf)                    size: 640956 bytes
(epstopdf)             Command: <repstopdf --outfile=plots/probleem1_4-eps-converted-to.pdf plots/probleem1_4.eps>
(epstopdf)             \includegraphics on input line 106.
Package epstopdf Info: Output file is already uptodate.
<plots/probleem1_4-eps-converted-to.pdf, id=74, 566.115pt x 316.18124pt>
File: plots/probleem1_4-eps-converted-to.pdf Graphic file (type pdf)
<use plots/probleem1_4-eps-converted-to.pdf>
Package pdftex.def Info: plots/probleem1_4-eps-converted-to.pdf  used on input line 106.
(pdftex.def)             Requested size: 460.72124pt x 257.326pt.
Package epstopdf Info: Source file: <plots/probleem1_5.eps>
(epstopdf)                    date: 2019-05-17 15:32:12
(epstopdf)                    size: 286731 bytes
(epstopdf)             Output file: <plots/probleem1_5-eps-converted-to.pdf>
(epstopdf)                    date: 2019-05-17 15:45:53
(epstopdf)                    size: 540542 bytes
(epstopdf)             Command: <repstopdf --outfile=plots/probleem1_5-eps-converted-to.pdf plots/probleem1_5.eps>
(epstopdf)             \includegraphics on input line 112.
Package epstopdf Info: Output file is already uptodate.
<plots/probleem1_5-eps-converted-to.pdf, id=75, 566.115pt x 794.97pt>
File: plots/probleem1_5-eps-converted-to.pdf Graphic file (type pdf)
<use plots/probleem1_5-eps-converted-to.pdf>
Package pdftex.def Info: plots/probleem1_5-eps-converted-to.pdf  used on input line 112.
(pdftex.def)             Requested size: 460.72124pt x 646.99113pt.
Package babel Info: Redefining dutch shorthand "|
(babel)             in language  on input line 116.
Package babel Info: Redefining dutch shorthand "~
(babel)             in language  on input line 116.
Package babel Info: Redefining dutch shorthand "|
(babel)             in language  on input line 116.
Package babel Info: Redefining dutch shorthand "~
(babel)             in language  on input line 116.
 [3]

LaTeX Warning: Text page 4 contains only floats.

Package babel Info: Redefining dutch shorthand "|
(babel)             in language  on input line 116.
Package babel Info: Redefining dutch shorthand "~
(babel)             in language  on input line 116.
Package babel Info: Redefining dutch shorthand "|
(babel)             in language  on input line 116.
Package babel Info: Redefining dutch shorthand "~
(babel)             in language  on input line 116.
[4 <./plots/probleem1_1-eps-converted-to.pdf> <./plots/probleem1_2-eps-converted-to.pdf>]
Package babel Info: Redefining dutch shorthand "|
(babel)             in language  on input line 116.
Package babel Info: Redefining dutch shorthand "~
(babel)             in language  on input line 116.
Package babel Info: Redefining dutch shorthand "|
(babel)             in language  on input line 116.
Package babel Info: Redefining dutch shorthand "~
(babel)             in language  on input line 116.
 [5 <./plots/probleem1_3-eps-converted-to.pdf> <./plots/probleem1_4-eps-converted-to.pdf>]
Package babel Info: Redefining dutch shorthand "|
(babel)             in language  on input line 116.
Package babel Info: Redefining dutch shorthand "~
(babel)             in language  on input line 116.
Package babel Info: Redefining dutch shorthand "|
(babel)             in language  on input line 116.
Package babel Info: Redefining dutch shorthand "~
(babel)             in language  on input line 116.
 [6 <./plots/probleem1_5-eps-converted-to.pdf>]
Package babel Info: Redefining dutch shorthand "|
(babel)             in language  on input line 119.
Package babel Info: Redefining dutch shorthand "~
(babel)             in language  on input line 119.

Underfull \hbox (badness 10000) in paragraph at lines 120--122

 []


./Examen Programmeren Verwerking.tex:152: Package amsmath Error: Erroneous nesting of equation structures;
(amsmath)                trying to recover with `aligned'.

See the amsmath package documentation for explanation.
Type  H <return>  for immediate help.
 ...                                              
                                                  
l.152       \end{align}
                       
Try typing  <return>  to proceed.
If that doesn't work, type  X <return>  to quit.

Package babel Info: Redefining dutch shorthand "|
(babel)             in language  on input line 177.
Package babel Info: Redefining dutch shorthand "~
(babel)             in language  on input line 177.
Package babel Info: Redefining dutch shorthand "|
(babel)             in language  on input line 177.
Package babel Info: Redefining dutch shorthand "~
(babel)             in language  on input line 177.
[7

]
Underfull \hbox (badness 10000) in paragraph at lines 185--187

 []

Package epstopdf Info: Source file: <plots/probleem2_1.eps>
(epstopdf)                    date: 2019-05-17 15:34:00
(epstopdf)                    size: 119507 bytes
(epstopdf)             Output file: <plots/probleem2_1-eps-converted-to.pdf>
(epstopdf)                    date: 2019-05-17 17:09:46
(epstopdf)                    size: 282769 bytes
(epstopdf)             Command: <repstopdf --outfile=plots/probleem2_1-eps-converted-to.pdf plots/probleem2_1.eps>
(epstopdf)             \includegraphics on input line 193.
Package epstopdf Info: Output file is already uptodate.
<plots/probleem2_1-eps-converted-to.pdf, id=158, 567.11874pt x 316.18124pt>
File: plots/probleem2_1-eps-converted-to.pdf Graphic file (type pdf)
<use plots/probleem2_1-eps-converted-to.pdf>
Package pdftex.def Info: plots/probleem2_1-eps-converted-to.pdf  used on input line 193.
(pdftex.def)             Requested size: 460.72124pt x 256.8725pt.
Package epstopdf Info: Source file: <plots/probleem2_2.eps>
(epstopdf)                    date: 2019-05-17 15:34:21
(epstopdf)                    size: 298829 bytes
(epstopdf)             Output file: <plots/probleem2_2-eps-converted-to.pdf>
(epstopdf)                    date: 2019-05-17 17:09:48
(epstopdf)                    size: 55578 bytes
(epstopdf)             Command: <repstopdf --outfile=plots/probleem2_2-eps-converted-to.pdf plots/probleem2_2.eps>
(epstopdf)             \includegraphics on input line 198.
Package epstopdf Info: Output file is already uptodate.
<plots/probleem2_2-eps-converted-to.pdf, id=159, 567.11874pt x 316.18124pt>
File: plots/probleem2_2-eps-converted-to.pdf Graphic file (type pdf)
<use plots/probleem2_2-eps-converted-to.pdf>
Package pdftex.def Info: plots/probleem2_2-eps-converted-to.pdf  used on input line 198.
(pdftex.def)             Requested size: 460.72124pt x 256.8725pt.
Package babel Info: Redefining dutch shorthand "|
(babel)             in language  on input line 202.
Package babel Info: Redefining dutch shorthand "~
(babel)             in language  on input line 202.
Package babel Info: Redefining dutch shorthand "|
(babel)             in language  on input line 202.
Package babel Info: Redefining dutch shorthand "~
(babel)             in language  on input line 202.
[8 <./plots/probleem2_1-eps-converted-to.pdf>]
Package babel Info: Redefining dutch shorthand "|
(babel)             in language  on input line 205.
Package babel Info: Redefining dutch shorthand "~
(babel)             in language  on input line 205.


./Examen Programmeren Verwerking.tex:215: Package amsmath Error: Erroneous nesting of equation structures;
(amsmath)                trying to recover with `aligned'.

See the amsmath package documentation for explanation.
Type  H <return>  for immediate help.
 ...                                              
                                                  
l.215       \end{align}
                       
Try typing  <return>  to proceed.
If that doesn't work, type  X <return>  to quit.

Package babel Info: Redefining dutch shorthand "|
(babel)             in language  on input line 228.
Package babel Info: Redefining dutch shorthand "~
(babel)             in language  on input line 228.
Package babel Info: Redefining dutch shorthand "|
(babel)             in language  on input line 228.
Package babel Info: Redefining dutch shorthand "~
(babel)             in language  on input line 228.
[9 <./plots/probleem2_2-eps-converted-to.pdf>]

./Examen Programmeren Verwerking.tex:235: Package amsmath Error: Erroneous nesting of equation structures;
(amsmath)                trying to recover with `aligned'.

See the amsmath package documentation for explanation.
Type  H <return>  for immediate help.
 ...                                              
                                                  
l.235       \end{align*}
                        
Try typing  <return>  to proceed.
If that doesn't work, type  X <return>  to quit.

./Examen Programmeren Verwerking.tex:243: Misplaced alignment tab character &.
l.243       v_{totaal,x}\p{x,0} &
                                 = U_\infty + \frac{Q}{2\pi}\p{\frac{1}{x+1}...
I can't figure out why you would want to use a tab mark
here. If you just want an ampersand, the remedy is
simple: Just type `I\&' now. But if some right brace
up above has ended a previous alignment prematurely,
you're probably due for more error messages, and you
might try typing `S' now just to see what is salvageable.


Underfull \hbox (badness 10000) in paragraph at lines 275--277

 []

Package babel Info: Redefining dutch shorthand "|
(babel)             in language  on input line 277.
Package babel Info: Redefining dutch shorthand "~
(babel)             in language  on input line 277.
Package babel Info: Redefining dutch shorthand "|
(babel)             in language  on input line 277.
Package babel Info: Redefining dutch shorthand "~
(babel)             in language  on input line 277.
[10]
Package epstopdf Info: Source file: <plots/probleem3_1.eps>
(epstopdf)                    date: 2019-05-17 15:34:54
(epstopdf)                    size: 106818 bytes
(epstopdf)             Output file: <plots/probleem3_1-eps-converted-to.pdf>
(epstopdf)                    date: 2019-05-18 18:30:43
(epstopdf)                    size: 252585 bytes
(epstopdf)             Command: <repstopdf --outfile=plots/probleem3_1-eps-converted-to.pdf plots/probleem3_1.eps>
(epstopdf)             \includegraphics on input line 288.
Package epstopdf Info: Output file is already uptodate.
<plots/probleem3_1-eps-converted-to.pdf, id=206, 567.11874pt x 316.18124pt>
File: plots/probleem3_1-eps-converted-to.pdf Graphic file (type pdf)
<use plots/probleem3_1-eps-converted-to.pdf>
Package pdftex.def Info: plots/probleem3_1-eps-converted-to.pdf  used on input line 288.
(pdftex.def)             Requested size: 460.72124pt x 256.8725pt.
Package epstopdf Info: Source file: <plots/probleem3_2.eps>
(epstopdf)                    date: 2019-05-17 15:35:14
(epstopdf)                    size: 305021 bytes
(epstopdf)             Output file: <plots/probleem3_2-eps-converted-to.pdf>
(epstopdf)                    date: 2019-05-18 18:32:32
(epstopdf)                    size: 58808 bytes
(epstopdf)             Command: <repstopdf --outfile=plots/probleem3_2-eps-converted-to.pdf plots/probleem3_2.eps>
(epstopdf)             \includegraphics on input line 294.
Package epstopdf Info: Output file is already uptodate.
<plots/probleem3_2-eps-converted-to.pdf, id=207, 566.115pt x 316.18124pt>
File: plots/probleem3_2-eps-converted-to.pdf Graphic file (type pdf)
<use plots/probleem3_2-eps-converted-to.pdf>
Package pdftex.def Info: plots/probleem3_2-eps-converted-to.pdf  used on input line 294.
(pdftex.def)             Requested size: 460.72124pt x 257.326pt.
Package epstopdf Info: Source file: <plots/probleem3_3.eps>
(epstopdf)                    date: 2019-05-17 15:35:39
(epstopdf)                    size: 124532 bytes
(epstopdf)             Output file: <plots/probleem3_3-eps-converted-to.pdf>
(epstopdf)                    date: 2019-05-18 18:32:34
(epstopdf)                    size: 277400 bytes
(epstopdf)             Command: <repstopdf --outfile=plots/probleem3_3-eps-converted-to.pdf plots/probleem3_3.eps>
(epstopdf)             \includegraphics on input line 300.
Package epstopdf Info: Output file is already uptodate.
<plots/probleem3_3-eps-converted-to.pdf, id=208, 565.11125pt x 316.18124pt>
File: plots/probleem3_3-eps-converted-to.pdf Graphic file (type pdf)
<use plots/probleem3_3-eps-converted-to.pdf>
Package pdftex.def Info: plots/probleem3_3-eps-converted-to.pdf  used on input line 300.
(pdftex.def)             Requested size: 460.72124pt x 257.77951pt.
Package babel Info: Redefining dutch shorthand "|
(babel)             in language  on input line 304.
Package babel Info: Redefining dutch shorthand "~
(babel)             in language  on input line 304.
Package babel Info: Redefining dutch shorthand "|
(babel)             in language  on input line 304.
Package babel Info: Redefining dutch shorthand "~
(babel)             in language  on input line 304.
 [11 <./plots/probleem3_1-eps-converted-to.pdf>]
Package babel Info: Redefining dutch shorthand "|
(babel)             in language  on input line 304.
Package babel Info: Redefining dutch shorthand "~
(babel)             in language  on input line 304.
Package babel Info: Redefining dutch shorthand "|
(babel)             in language  on input line 304.
Package babel Info: Redefining dutch shorthand "~
(babel)             in language  on input line 304.
 [12 <./plots/probleem3_2-eps-converted-to.pdf> <./plots/probleem3_3-eps-converted-to.pdf>]
Package babel Info: Redefining dutch shorthand "|
(babel)             in language  on input line 308.
Package babel Info: Redefining dutch shorthand "~
(babel)             in language  on input line 308.


./Examen Programmeren Verwerking.tex:324: Package amsmath Error: Erroneous nesting of equation structures;
(amsmath)                trying to recover with `aligned'.

See the amsmath package documentation for explanation.
Type  H <return>  for immediate help.
 ...                                              
                                                  
l.324       \end{align}
                       
Try typing  <return>  to proceed.
If that doesn't work, type  X <return>  to quit.

Package babel Info: Redefining dutch shorthand "|
(babel)             in language  on input line 373.
Package babel Info: Redefining dutch shorthand "~
(babel)             in language  on input line 373.
Package babel Info: Redefining dutch shorthand "|
(babel)             in language  on input line 373.
Package babel Info: Redefining dutch shorthand "~
(babel)             in language  on input line 373.
[13

]
Package babel Info: Redefining dutch shorthand "|
(babel)             in language  on input line 379.
Package babel Info: Redefining dutch shorthand "~
(babel)             in language  on input line 379.
Package babel Info: Redefining dutch shorthand "|
(babel)             in language  on input line 379.
Package babel Info: Redefining dutch shorthand "~
(babel)             in language  on input line 379.
 [14]
Package epstopdf Info: Source file: <plots/probleem4_1.eps>
(epstopdf)                    date: 2019-05-17 15:36:33
(epstopdf)                    size: 88523 bytes
(epstopdf)             Output file: <plots/probleem4_1-eps-converted-to.pdf>
(epstopdf)                    date: 2019-05-18 22:54:22
(epstopdf)                    size: 228688 bytes
(epstopdf)             Command: <repstopdf --outfile=plots/probleem4_1-eps-converted-to.pdf plots/probleem4_1.eps>
(epstopdf)             \includegraphics on input line 383.
Package epstopdf Info: Output file is already uptodate.
<plots/probleem4_1-eps-converted-to.pdf, id=261, 565.11125pt x 316.18124pt>
File: plots/probleem4_1-eps-converted-to.pdf Graphic file (type pdf)
<use plots/probleem4_1-eps-converted-to.pdf>
Package pdftex.def Info: plots/probleem4_1-eps-converted-to.pdf  used on input line 383.
(pdftex.def)             Requested size: 460.72124pt x 257.77951pt.
Package epstopdf Info: Source file: <plots/probleem4_2.eps>
(epstopdf)                    date: 2019-05-17 15:36:52
(epstopdf)                    size: 26707 bytes
(epstopdf)             Output file: <plots/probleem4_2-eps-converted-to.pdf>
(epstopdf)                    date: 2019-05-18 22:54:24
(epstopdf)                    size: 14571 bytes
(epstopdf)             Command: <repstopdf --outfile=plots/probleem4_2-eps-converted-to.pdf plots/probleem4_2.eps>
(epstopdf)             \includegraphics on input line 389.
Package epstopdf Info: Output file is already uptodate.
<plots/probleem4_2-eps-converted-to.pdf, id=262, 565.11125pt x 316.18124pt>
File: plots/probleem4_2-eps-converted-to.pdf Graphic file (type pdf)
<use plots/probleem4_2-eps-converted-to.pdf>
Package pdftex.def Info: plots/probleem4_2-eps-converted-to.pdf  used on input line 389.
(pdftex.def)             Requested size: 460.72124pt x 257.77951pt.
Package babel Info: Redefining dutch shorthand "|
(babel)             in language  on input line 393.
Package babel Info: Redefining dutch shorthand "~
(babel)             in language  on input line 393.
Package babel Info: Redefining dutch shorthand "|
(babel)             in language  on input line 393.
Package babel Info: Redefining dutch shorthand "~
(babel)             in language  on input line 393.
 [15 <./plots/probleem4_1-eps-converted-to.pdf>]
Package babel Info: Redefining dutch shorthand "|
(babel)             in language  on input line 398.
Package babel Info: Redefining dutch shorthand "~
(babel)             in language  on input line 398.

Underfull \hbox (badness 10000) in paragraph at lines 399--401

 []

Package babel Info: Redefining dutch shorthand "|
(babel)             in language  on input line 411.
Package babel Info: Redefining dutch shorthand "~
(babel)             in language  on input line 411.
Package babel Info: Redefining dutch shorthand "|
(babel)             in language  on input line 411.
Package babel Info: Redefining dutch shorthand "~
(babel)             in language  on input line 411.
[16 <./plots/probleem4_2-eps-converted-to.pdf>]
Package epstopdf Info: Source file: <plots/probleem5_1.eps>
(epstopdf)                    date: 2019-05-17 15:37:56
(epstopdf)                    size: 1389650 bytes
(epstopdf)             Output file: <plots/probleem5_1-eps-converted-to.pdf>
(epstopdf)                    date: 2019-05-18 22:33:22
(epstopdf)                    size: 489617 bytes
(epstopdf)             Command: <repstopdf --outfile=plots/probleem5_1-eps-converted-to.pdf plots/probleem5_1.eps>
(epstopdf)             \includegraphics on input line 415.
Package epstopdf Info: Output file is already uptodate.
<plots/probleem5_1-eps-converted-to.pdf, id=293, 567.11874pt x 316.18124pt>
File: plots/probleem5_1-eps-converted-to.pdf Graphic file (type pdf)
<use plots/probleem5_1-eps-converted-to.pdf>
Package pdftex.def Info: plots/probleem5_1-eps-converted-to.pdf  used on input line 415.
(pdftex.def)             Requested size: 460.72124pt x 256.8725pt.
Package epstopdf Info: Source file: <plots/probleem5_2.eps>
(epstopdf)                    date: 2019-05-17 15:38:19
(epstopdf)                    size: 1707581 bytes
(epstopdf)             Output file: <plots/probleem5_2-eps-converted-to.pdf>
(epstopdf)                    date: 2019-05-18 22:33:24
(epstopdf)                    size: 620296 bytes
(epstopdf)             Command: <repstopdf --outfile=plots/probleem5_2-eps-converted-to.pdf plots/probleem5_2.eps>
(epstopdf)             \includegraphics on input line 421.
Package epstopdf Info: Output file is already uptodate.
<plots/probleem5_2-eps-converted-to.pdf, id=294, 566.115pt x 316.18124pt>
File: plots/probleem5_2-eps-converted-to.pdf Graphic file (type pdf)
<use plots/probleem5_2-eps-converted-to.pdf>
Package pdftex.def Info: plots/probleem5_2-eps-converted-to.pdf  used on input line 421.
(pdftex.def)             Requested size: 460.72124pt x 257.326pt.
Package epstopdf Info: Source file: <plots/probleem5_3.eps>
(epstopdf)                    date: 2019-05-17 15:40:37
(epstopdf)                    size: 274633 bytes
(epstopdf)             Output file: <plots/probleem5_3-eps-converted-to.pdf>
(epstopdf)                    date: 2019-05-18 22:34:41
(epstopdf)                    size: 503243 bytes
(epstopdf)             Command: <repstopdf --outfile=plots/probleem5_3-eps-converted-to.pdf plots/probleem5_3.eps>
(epstopdf)             \includegraphics on input line 427.
Package epstopdf Info: Output file is already uptodate.
<plots/probleem5_3-eps-converted-to.pdf, id=295, 566.115pt x 700.6175pt>
File: plots/probleem5_3-eps-converted-to.pdf Graphic file (type pdf)
<use plots/probleem5_3-eps-converted-to.pdf>
Package pdftex.def Info: plots/probleem5_3-eps-converted-to.pdf  used on input line 427.
(pdftex.def)             Requested size: 460.72124pt x 570.20178pt.
Package epstopdf Info: Source file: <plots/probleem5_4.eps>
(epstopdf)                    date: 2019-05-17 15:39:30
(epstopdf)                    size: 62122 bytes
(epstopdf)             Output file: <plots/probleem5_4-eps-converted-to.pdf>
(epstopdf)                    date: 2019-05-18 22:34:43
(epstopdf)                    size: 60128 bytes
(epstopdf)             Command: <repstopdf --outfile=plots/probleem5_4-eps-converted-to.pdf plots/probleem5_4.eps>
(epstopdf)             \includegraphics on input line 433.
Package epstopdf Info: Output file is already uptodate.
<plots/probleem5_4-eps-converted-to.pdf, id=296, 566.115pt x 316.18124pt>
File: plots/probleem5_4-eps-converted-to.pdf Graphic file (type pdf)
<use plots/probleem5_4-eps-converted-to.pdf>
Package pdftex.def Info: plots/probleem5_4-eps-converted-to.pdf  used on input line 433.
(pdftex.def)             Requested size: 460.72124pt x 257.326pt.
Package babel Info: Redefining dutch shorthand "|
(babel)             in language  on input line 437.
Package babel Info: Redefining dutch shorthand "~
(babel)             in language  on input line 437.
Package babel Info: Redefining dutch shorthand "|
(babel)             in language  on input line 437.
Package babel Info: Redefining dutch shorthand "~
(babel)             in language  on input line 437.
 [17 <./plots/probleem5_1-eps-converted-to.pdf> <./plots/probleem5_2-eps-converted-to.pdf>]
Package babel Info: Redefining dutch shorthand "|
(babel)             in language  on input line 437.
Package babel Info: Redefining dutch shorthand "~
(babel)             in language  on input line 437.
Package babel Info: Redefining dutch shorthand "|
(babel)             in language  on input line 437.
Package babel Info: Redefining dutch shorthand "~
(babel)             in language  on input line 437.
 [18 <./plots/probleem5_3-eps-converted-to.pdf>]
Package babel Info: Redefining dutch shorthand "|
(babel)             in language  on input line 437.
Package babel Info: Redefining dutch shorthand "~
(babel)             in language  on input line 437.
Package babel Info: Redefining dutch shorthand "|
(babel)             in language  on input line 437.
Package babel Info: Redefining dutch shorthand "~
(babel)             in language  on input line 437.
 [19 <./plots/probleem5_4-eps-converted-to.pdf>]
Package babel Info: Redefining dutch shorthand "|
(babel)             in language  on input line 439.
Package babel Info: Redefining dutch shorthand "~
(babel)             in language  on input line 439.


./Examen Programmeren Verwerking.tex:456: Package amsmath Error: Erroneous nesting of equation structures;
(amsmath)                trying to recover with `aligned'.

See the amsmath package documentation for explanation.
Type  H <return>  for immediate help.
 ...                                              
                                                  
l.456       \end{align}
                       
Try typing  <return>  to proceed.
If that doesn't work, type  X <return>  to quit.


./Examen Programmeren Verwerking.tex:476: Package amsmath Error: Erroneous nesting of equation structures;
(amsmath)                trying to recover with `aligned'.

See the amsmath package documentation for explanation.
Type  H <return>  for immediate help.
 ...                                              
                                                  
l.476       \end{align}
                       
Try typing  <return>  to proceed.
If that doesn't work, type  X <return>  to quit.

Package babel Info: Redefining dutch shorthand "|
(babel)             in language  on input line 499.
Package babel Info: Redefining dutch shorthand "~
(babel)             in language  on input line 499.
Package babel Info: Redefining dutch shorthand "|
(babel)             in language  on input line 499.
Package babel Info: Redefining dutch shorthand "~
(babel)             in language  on input line 499.
[20

]
./Examen Programmeren Verwerking.tex:505: Undefined control sequence.
<argument> 4\piU 
                 _\infty \sqrt {\frac {2\pi }{\kappa U_\infty }}\p {U_\infty...
l.505 ...p{U_\infty-\frac{\Gamma^2}{4\pi\kappa}}}}
                                                  
The control sequence at the end of the top line
of your error message was never \def'ed. If you have
misspelled it (e.g., `\hobx'), type `I' and the correct
spelling (e.g., `I\hbox'). Otherwise just continue,
and I'll forget about whatever was undefined.


Underfull \hbox (badness 10000) in paragraph at lines 515--517

 []


./Examen Programmeren Verwerking.tex:535: Package amsmath Error: Erroneous nesting of equation structures;
(amsmath)                trying to recover with `aligned'.

See the amsmath package documentation for explanation.
Type  H <return>  for immediate help.
 ...                                              
                                                  
l.535       \end{align}
                       
Try typing  <return>  to proceed.
If that doesn't work, type  X <return>  to quit.


./Examen Programmeren Verwerking.tex:555: Package amsmath Error: Erroneous nesting of equation structures;
(amsmath)                trying to recover with `aligned'.

See the amsmath package documentation for explanation.
Type  H <return>  for immediate help.
 ...                                              
                                                  
l.555       \end{align}
                       
Try typing  <return>  to proceed.
If that doesn't work, type  X <return>  to quit.

Package babel Info: Redefining dutch shorthand "|
(babel)             in language  on input line 557.
Package babel Info: Redefining dutch shorthand "~
(babel)             in language  on input line 557.
Package babel Info: Redefining dutch shorthand "|
(babel)             in language  on input line 557.
Package babel Info: Redefining dutch shorthand "~
(babel)             in language  on input line 557.
[21]
Package epstopdf Info: Source file: <plots/probleem6_1.eps>
(epstopdf)                    date: 2019-05-17 15:42:01
(epstopdf)                    size: 108399 bytes
(epstopdf)             Output file: <plots/probleem6_1-eps-converted-to.pdf>
(epstopdf)                    date: 2019-05-19 12:02:19
(epstopdf)                    size: 271822 bytes
(epstopdf)             Command: <repstopdf --outfile=plots/probleem6_1-eps-converted-to.pdf plots/probleem6_1.eps>
(epstopdf)             \includegraphics on input line 569.
Package epstopdf Info: Output file is already uptodate.
<plots/probleem6_1-eps-converted-to.pdf, id=358, 566.115pt x 316.18124pt>
File: plots/probleem6_1-eps-converted-to.pdf Graphic file (type pdf)
<use plots/probleem6_1-eps-converted-to.pdf>
Package pdftex.def Info: plots/probleem6_1-eps-converted-to.pdf  used on input line 569.
(pdftex.def)             Requested size: 460.72124pt x 257.326pt.
Package epstopdf Info: Source file: <plots/probleem6_2.eps>
(epstopdf)                    date: 2019-05-17 15:42:22
(epstopdf)                    size: 1479142 bytes
(epstopdf)             Output file: <plots/probleem6_2-eps-converted-to.pdf>
(epstopdf)                    date: 2019-05-19 12:02:32
(epstopdf)                    size: 534736 bytes
(epstopdf)             Command: <repstopdf --outfile=plots/probleem6_2-eps-converted-to.pdf plots/probleem6_2.eps>
(epstopdf)             \includegraphics on input line 575.
Package epstopdf Info: Output file is already uptodate.
<plots/probleem6_2-eps-converted-to.pdf, id=359, 565.11125pt x 316.18124pt>
File: plots/probleem6_2-eps-converted-to.pdf Graphic file (type pdf)
<use plots/probleem6_2-eps-converted-to.pdf>
Package pdftex.def Info: plots/probleem6_2-eps-converted-to.pdf  used on input line 575.
(pdftex.def)             Requested size: 460.72124pt x 257.77951pt.


LaTeX Warning: File `plots/probleem6_3.eps' not found on input line 580.

Package epstopdf Info: Source file: <plots/probleem6_3.eps>
(epstopdf)             Output file: <plots/probleem6_3-eps-converted-to.pdf>
(epstopdf)             Command: <repstopdf --outfile=plots/probleem6_3-eps-converted-to.pdf plots/probleem6_3.eps>
(epstopdf)             \includegraphics on input line 580.
Package epstopdf Info: Output file is already uptodate.

./Examen Programmeren Verwerking.tex:580: Package pdftex.def Error: File `plots/probleem6_3-eps-converted-to.pdf' not found: using draft setting.

See the pdftex.def package documentation for explanation.
Type  H <return>  for immediate help.
 ...                                              
                                                  
l.580 ...idth = \textwidth]{plots/probleem6_3.eps}
                                                  
Try typing  <return>  to proceed.
If that doesn't work, type  X <return>  to quit.


LaTeX Warning: File `plots/probleem6_4.eps' not found on input line 585.

Package epstopdf Info: Source file: <plots/probleem6_4.eps>
(epstopdf)             Output file: <plots/probleem6_4-eps-converted-to.pdf>
(epstopdf)             Command: <repstopdf --outfile=plots/probleem6_4-eps-converted-to.pdf plots/probleem6_4.eps>
(epstopdf)             \includegraphics on input line 585.
Package epstopdf Info: Output file is already uptodate.

./Examen Programmeren Verwerking.tex:585: Package pdftex.def Error: File `plots/probleem6_4-eps-converted-to.pdf' not found: using draft setting.

See the pdftex.def package documentation for explanation.
Type  H <return>  for immediate help.
 ...                                              
                                                  
l.585 ...idth = \textwidth]{plots/probleem6_4.eps}
                                                  
Try typing  <return>  to proceed.
If that doesn't work, type  X <return>  to quit.

Package babel Info: Redefining dutch shorthand "|
(babel)             in language  on input line 589.
Package babel Info: Redefining dutch shorthand "~
(babel)             in language  on input line 589.
Package babel Info: Redefining dutch shorthand "|
(babel)             in language  on input line 589.
Package babel Info: Redefining dutch shorthand "~
(babel)             in language  on input line 589.
[22 <./plots/probleem6_1-eps-converted-to.pdf>]
Package babel Info: Redefining dutch shorthand "|
(babel)             in language  on input line 589.
Package babel Info: Redefining dutch shorthand "~
(babel)             in language  on input line 589.
Package babel Info: Redefining dutch shorthand "|
(babel)             in language  on input line 589.
Package babel Info: Redefining dutch shorthand "~
(babel)             in language  on input line 589.
 [23 <./plots/probleem6_2-eps-converted-to.pdf>]
Package babel Info: Redefining dutch shorthand "|
(babel)             in language  on input line 589.
Package babel Info: Redefining dutch shorthand "~
(babel)             in language  on input line 589.
Package babel Info: Redefining dutch shorthand "|
(babel)             in language  on input line 589.
Package babel Info: Redefining dutch shorthand "~
(babel)             in language  on input line 589.
 [24]
Package babel Info: Redefining dutch shorthand "|
(babel)             in language  on input line 589.
Package babel Info: Redefining dutch shorthand "~
(babel)             in language  on input line 589.
Package babel Info: Redefining dutch shorthand "|
(babel)             in language  on input line 589.
Package babel Info: Redefining dutch shorthand "~
(babel)             in language  on input line 589.
 [25]
Package babel Info: Redefining dutch shorthand "|
(babel)             in language  on input line 593.
Package babel Info: Redefining dutch shorthand "~
(babel)             in language  on input line 593.
Package babel Info: Redefining dutch shorthand "|
(babel)             in language  on input line 595.
Package babel Info: Redefining dutch shorthand "~
(babel)             in language  on input line 595.
Package babel Info: Redefining dutch shorthand "|
(babel)             in language  on input line 595.
Package babel Info: Redefining dutch shorthand "~
(babel)             in language  on input line 595.
 [26

]
Package atveryend Info: Empty hook `BeforeClearDocument' on input line 601.
Package babel Info: Redefining dutch shorthand "|
(babel)             in language  on input line 601.
Package babel Info: Redefining dutch shorthand "~
(babel)             in language  on input line 601.
Package babel Info: Redefining dutch shorthand "|
(babel)             in language  on input line 601.
Package babel Info: Redefining dutch shorthand "~
(babel)             in language  on input line 601.
 [27]
Package atveryend Info: Empty hook `AfterLastShipout' on input line 601.
 (./Examen Programmeren Verwerking.aux)
Package atveryend Info: Executing hook `AtVeryEndDocument' on input line 601.
Package atveryend Info: Executing hook `AtEndAfterFileList' on input line 601.
Package rerunfilecheck Info: File `"Examen Programmeren Verwerking".out' has not changed.
(rerunfilecheck)             Checksum: 29806B6CA245DDBE11B93D136DE44118;672.
Package atveryend Info: Empty hook `AtVeryVeryEnd' on input line 601.
 ) 
Here is how much of TeX's memory you used:
 8339 strings out of 492642
 125065 string characters out of 6133162
 325602 words of memory out of 5000000
 11983 multiletter control sequences out of 15000+600000
 20987 words of font info for 59 fonts, out of 8000000 for 9000
 1141 hyphenation exceptions out of 8191
 42i,10n,39p,769b,357s stack positions out of 5000i,500n,10000p,200000b,80000s
{c:/texlive/2018/texmf-dist/fonts/enc/dvips/cm-super/cm-super-t1.enc}<c:/texlive/2018/texmf-dist/fonts/type1/public/amsfonts/cm/cmex10.pfb><c:/texlive/2018/texmf-dist/fonts/type1/public/amsfonts/cm/cmmi10.pfb><c:/texlive/2018/texmf-dist/fonts/type1/public/amsfonts/cm/cmmi12.pfb><c:/texlive/2018/texmf-dist/fonts/type1/public/amsfonts/cm/cmmi8.pfb><c:/texlive/2018/texmf-dist/fonts/type1/public/amsfonts/cm/cmr10.pfb><c:/texlive/2018/texmf-dist/fonts/type1/public/amsfonts/cm/cmr12.pfb><c:/texlive/2018/texmf-dist/fonts/type1/public/amsfonts/cm/cmr6.pfb><c:/texlive/2018/texmf-dist/fonts/type1/public/amsfonts/cm/cmr8.pfb><c:/texlive/2018/texmf-dist/fonts/type1/public/amsfonts/cm/cmsy10.pfb><c:/texlive/2018/texmf-dist/fonts/type1/public/amsfonts/cm/cmsy6.pfb><c:/texlive/2018/texmf-dist/fonts/type1/public/amsfonts/cm/cmsy8.pfb><c:/texlive/2018/texmf-dist/fonts/type1/public/cm-super/sfbx1200.pfb><c:/texlive/2018/texmf-dist/fonts/type1/public/cm-super/sfbx1440.pfb><c:/texlive/2018/texmf-dist/fo
nts/type1/public/cm-super/sfbx1728.pfb><c:/texlive/2018/texmf-dist/fonts/type1/public/cm-super/sfrm0700.pfb><c:/texlive/2018/texmf-dist/fonts/type1/public/cm-super/sfrm0800.pfb><c:/texlive/2018/texmf-dist/fonts/type1/public/cm-super/sfrm1000.pfb><c:/texlive/2018/texmf-dist/fonts/type1/public/cm-super/sfrm1200.pfb><c:/texlive/2018/texmf-dist/fonts/type1/public/cm-super/sfrm1440.pfb><c:/texlive/2018/texmf-dist/fonts/type1/public/cm-super/sfrm2074.pfb><c:/texlive/2018/texmf-dist/fonts/type1/public/cm-super/sfti1200.pfb><c:/texlive/2018/texmf-dist/fonts/type1/public/cm-super/sftt1200.pfb>
Output written on "Examen Programmeren Verwerking.pdf" (27 pages, 5992965 bytes).
PDF statistics:
 496 PDF objects out of 1000 (max. 8388607)
 366 compressed objects within 4 object streams
 73 named destinations out of 1000 (max. 500000)
 163 words of extra memory for PDF output out of 10000 (max. 10000000)

